Info : clock speed 32767 kHz
Info : ICDI Firmware version: 9270
Info : lm4f120h5qr.cpu: hardware has 6 breakpoints, 4 watchpoints
Info : accepting 'gdb' connection from pipe
undefined debug reason 7 - target needs reset
adapter speed: 32767 kHz
target state: halted
target halted due to debug-request, current mode: Thread 
xPSR: 0x01000000 pc: 0x00000d64 msp: 0x20008000
adapter speed: 32767 kHz
target state: halted
target halted due to debug-request, current mode: Thread 
xPSR: 0x01000000 pc: 0x00000d64 msp: 0x20008000
Info : Padding image section 0 with 4 bytes
target state: halted
target halted due to breakpoint, current mode: Thread 
xPSR: 0x61000000 pc: 0x20000042 msp: 0x20008000
Warn : keep_alive() was not invoked in the 1000ms timelimit. GDB alive packet not sent! (1216). Workaround: increase "set remotetimeout" in GDB
adapter speed: 32767 kHz
target state: halted
target halted due to debug-request, current mode: Thread 
xPSR: 0x01000000 pc: 0x00000d6c msp: 0x20008000
adapter speed: 32767 kHz
Info : dropped 'gdb' connection
